<?xml version="1.0" encoding="UTF-8"?>
<!-- Generated by org.testng.reporters.JUnitReportReporter -->
<testsuite name="testingframeworks.amazon.testcases.AddToCartTest" tests="1" time="14.846" ignored="0" failures="0" timestamp="18 Nov 2019 06:02:12 GMT" skipped="0" hostname="EPINHYDW1422" errors="0">
  <testcase name="addToCartAndCartTotalCheck" time="14.846" classname="testingframeworks.amazon.testcases.AddToCartTest"/>
</testsuite> <!-- testingframeworks.amazon.testcases.AddToCartTest -->
